\BOOKMARK [0][-]{chapter.1}{Improved Stability and Half-Life of Fluorinated Phosphotriesterase Using Rosetta}{}% 1
\BOOKMARK [1][-]{section.1.1}{Introduction}{chapter.1}% 2
\BOOKMARK [2][-]{subsection.1.1.1}{Rosetta and Protein Engineering}{section.1.1}% 3
\BOOKMARK [2][-]{subsection.1.1.2}{Phosphotriesterase}{section.1.1}% 4
\BOOKMARK [2][-]{subsection.1.1.3}{Incorporation of Non-natural Amino Acids}{section.1.1}% 5
\BOOKMARK [2][-]{subsection.1.1.4}{Fluorinated Amino Acids In Proteins}{section.1.1}% 6
\BOOKMARK [2][-]{subsection.1.1.5}{Scope of Work}{section.1.1}% 7
\BOOKMARK [1][-]{section.1.2}{Methods}{chapter.1}% 8
\BOOKMARK [2][-]{subsection.1.2.1}{General}{section.1.2}% 9
\BOOKMARK [2][-]{subsection.1.2.2}{Recombinant Gene Construction}{section.1.2}% 10
\BOOKMARK [2][-]{subsection.1.2.3}{Protein Expression}{section.1.2}% 11
\BOOKMARK [2][-]{subsection.1.2.4}{Thermo-stability and Secondary Structure of Phosphotriesterase}{section.1.2}% 12
\BOOKMARK [3][-]{subsubsection.1.2.4.1}{Nano-DSC}{subsection.1.2.4}% 13
\BOOKMARK [3][-]{subsubsection.1.2.4.2}{Circular Dichroism}{subsection.1.2.4}% 14
\BOOKMARK [2][-]{subsection.1.2.5}{Enzyme Kinetics}{section.1.2}% 15
\BOOKMARK [2][-]{subsection.1.2.6}{MALDI-TOF Mass Spectrometry}{section.1.2}% 16
\BOOKMARK [1][-]{section.1.3}{Results and Discussion}{chapter.1}% 17
\BOOKMARK [2][-]{subsection.1.3.1}{Biosynthesis of phosphotriesterase}{section.1.3}% 18
\BOOKMARK [2][-]{subsection.1.3.2}{Thermo-stability And Secondary Structure}{section.1.3}% 19
\BOOKMARK [2][-]{subsection.1.3.3}{Enzymatic Kinetics of PTE}{section.1.3}% 20
\BOOKMARK [2][-]{subsection.1.3.4}{Protein Design}{section.1.3}% 21
